[www.searchinc.com/explore.html]
[backblue.gif]
[fade.gif]
[index.html]
[cdn.prod.website-files.com/6446938a664c334e84c5d75d/css/searchlive.webflow.shared.15cec0cb4.min.css]
[ajax.googleapis.com/ajax/libs/webfont/1.6.26/webfont.js]
[cdn.prod.website-files.com/6446938a664c334e84c5d75d/6446938a664c335af0c5d769_search32.png]
[cdn.prod.website-files.com/6446938a664c334e84c5d75d/6446938a664c337f57c5d767_search256.png]
[www.searchinc.com/haqt6iy0yx2eNjQ0NjkzOGE2NjRjMzM0ZTg0YzVkNzVk/8Ts-wSHni6uEKEf3p9iZicNMsCc]
[cdn.jsdelivr.net/npm/@finsweet/cookie-consent@1/fs-cc.js]
[www.searchinc.com/contact.html]
[www.searchinc.com/index.html]
[www.searchinc.com/aboutsearch.html]
[www.searchinc.com/about/news.html]
[www.searchinc.com/sectors.html]
[www.searchinc.com/sector/regions.html]
[www.searchinc.com/search2o.html]
[www.searchinc.com/case-studies.html]
[www.searchinc.com/careers.html]
[cdn.prod.website-files.com/6446938a664c334e84c5d75d/6446938a664c33801ec5d924_usstexas_t.png]
[cdn.prod.website-files.com/6446938a664c334e84c5d75d/6446938a664c330e5cc5d925_usstexas_text.png]
[cdn.prod.website-files.com/6446938a664c334e84c5d75d/647a22a97baed2172d12eb5e_6446938a664c3302a5c5d926_usstexas_2_3.png]
[cdn.prod.website-files.com/6446938a664c334e84c5d75d/6446938a664c3302a5c5d926_usstexas_2.png]
[www.searchinc.com/project/preserving-uss-texas.html]
[cdn.prod.website-files.com/6446938a664c334e84c5d75d/6446938a664c330f6fc5d92a_ussnevada_t.png]
[cdn.prod.website-files.com/6446938a664c334e84c5d75d/6446938a664c33ca5bc5d929_ussnevada_text.png]
[cdn.prod.website-files.com/6446938a664c334e84c5d75d/6446938a664c3368b2c5d92c_ussnevada_1.png]
[cdn.prod.website-files.com/6446938a664c334e84c5d75d/6446938a664c33029ac5d92b_ussnevada_2.png]
[www.searchinc.com/project/locating-uss-nevada.html]
[cdn.prod.website-files.com/6446938a664c334e84c5d75d/6446938a664c33f46fc5d92f_endurance_t.png]
[cdn.prod.website-files.com/6446938a664c334e84c5d75d/6446938a664c335a78c5d92d_endurance_text.png]
[cdn.prod.website-files.com/6446938a664c334e84c5d75d/6446938a664c3328e9c5d930_endurance_1.png]
[cdn.prod.website-files.com/6446938a664c334e84c5d75d/6446938a664c33a98dc5d962_endurance_2.png]
[www.searchinc.com/project/finding-endurance.html]
[cdn.prod.website-files.com/6446938a664c334e84c5d75d/6446938a664c33d076c5d932_clotilda_t.png]
[cdn.prod.website-files.com/6446938a664c334e84c5d75d/6446938a664c33da98c5d931_clotilda_text.png]
[cdn.prod.website-files.com/6446938a664c334e84c5d75d/6446938a664c337eb3c5d934_clotilda_1.png]
[cdn.prod.website-files.com/6446938a664c334e84c5d75d/6446938a664c332c20c5d933_clotilda_2.png]
[www.searchinc.com/project/recovering-the-clotilda.html]
[cdn.prod.website-files.com/6446938a664c334e84c5d75d/6446938a664c3371adc5d935_bloodymarsh_t.png]
[cdn.prod.website-files.com/6446938a664c334e84c5d75d/6446938a664c33e5f0c5d937_bloodymarsh_text.png]
[cdn.prod.website-files.com/6446938a664c334e84c5d75d/6446938a664c33207bc5d938_bloodymarsh_1.png]
[cdn.prod.website-files.com/6446938a664c334e84c5d75d/6446938a664c33ed34c5d936_bloodymarsh_2.png]
[www.searchinc.com/project/ss-bloody-marsh.html]
[cdn.prod.website-files.com/6446938a664c334e84c5d75d/6446938a664c33c08cc5d93b_beewax_t.png]
[cdn.prod.website-files.com/6446938a664c334e84c5d75d/6446938a664c33961cc5d939_beewax_text.png]
[cdn.prod.website-files.com/6446938a664c334e84c5d75d/6446938a664c336fbfc5d93c_beewax_1.png]
[cdn.prod.website-files.com/6446938a664c334e84c5d75d/6446938a664c33b552c5d93a_beewax_2.png]
[www.searchinc.com/project/beeswax.html]
[cdn.prod.website-files.com/6446938a664c334e84c5d75d/6446938a664c331254c5d93e_cssjackson_t.png]
[cdn.prod.website-files.com/6446938a664c334e84c5d75d/6446938a664c337984c5d93d_cssjackson_text.png]
[cdn.prod.website-files.com/6446938a664c334e84c5d75d/6446938a664c33333fc5d940_cssjackson_1.png]
[cdn.prod.website-files.com/6446938a664c334e84c5d75d/6446938a664c33072dc5d93f_cssjackson_2.png]
[www.searchinc.com/project/css-jackson.html]
[cdn.prod.website-files.com/6446938a664c334e84c5d75d/6446938a664c330015c5d943_doublee_t.png]
[cdn.prod.website-files.com/6446938a664c334e84c5d75d/6446938a664c33553cc5d941_doublee_text.png]
[cdn.prod.website-files.com/6446938a664c334e84c5d75d/6446938a664c33103dc5d944_doublee_1.png]
[cdn.prod.website-files.com/6446938a664c334e84c5d75d/6446938a664c33414ac5d942_doublee_2.png]
[www.searchinc.com/project/permian-basin-history.html]
[d3e54v103j8qbb.cloudfront.net/js/jquery-3.5.1.min.dc5e7f18c86e10.js]
[cdn.prod.website-files.com/6446938a664c334e84c5d75d/js/webflow.schunk.36b8fb49256177c8.js]
[cdn.prod.website-files.com/6446938a664c334e84c5d75d/js/webflow.schunk.1a75636c7a5bc59c.js]
[cdn.prod.website-files.com/6446938a664c334e84c5d75d/js/webflow.fbde1382.e88601f1d1951784.js]
[www.searchinc.com/explore.html]
[cdn.prod.website-files.com/6446938a664c334e84c5d75d/css/searchlive.webflow.shared.15cec0cb4.min.css]
[cdn.prod.website-files.com/6446938a664c33895fc5d762/6446938a664c3366bec5da19_permian.jpg]
[cdn.prod.website-files.com/6446938a664c33895fc5d762/6446938a664c3341e6c5da17_bloody-marsh.jpg]
[cdn.prod.website-files.com/6446938a664c33895fc5d762/6446938a664c333060c5da16_beeswax.jpg]
[cdn.prod.website-files.com/6446938a664c33895fc5d762/6446938a664c33ed37c5da18_jackson.jpg]
[cdn.prod.website-files.com/6446938a664c33895fc5d762/6446938a664c330aacc5d9d0_629712c9ea1871732a1e1606_Stern.jpg]
[cdn.prod.website-files.com/6446938a664c33895fc5d762/6446938a664c331a3ec5d9d6_637c871c8ca6d6b2d5503b36_629e12b52bc48078fc7acc82_80-G-282709.jpg]
[cdn.prod.website-files.com/6446938a664c33895fc5d762/6446938a664c33c9bfc5d9d9_280-60M02009.jpg]
[www.searchinc.com/career/open-positions.html]
[cdn.prod.website-files.com/6446938a664c334e84c5d75d/js/webflow.403a86cd.36d25a0ccc564324.js]
[code.jquery.com/jquery-3.6.0.min.js]
[cdnjs.cloudflare.com/ajax/libs/gsap/3.10.1/gsap.min.js]
[www.searchinc.com/index.html]
[cdnjs.cloudflare.com/ajax/libs/Swiper/4.4.2/js/swiper.min.js]
[www.searchinc.com/privacy-and-terms.html]
[www.searchinc.com/contact.html]
[cdn.prod.website-files.com/6446938a664c334e84c5d75d/js/webflow.e4552c48.724472998ce2427e.js]
[cdn.jsdelivr.net/npm/swiper@8/swiper-bundle.min.css]
[cdn.prod.website-files.com/6446938a664c334e84c5d75d/649c6ba6965edf4b48a5b4b6_A7301819-square-crop.jpg]
[cdn.prod.website-files.com/6446938a664c33895fc5d762/6446938a664c3340a0c5da28_A7300115.jpg]
[cdn.prod.website-files.com/6446938a664c33895fc5d762/6446938a664c3323fec5da29_DEE00092.jpg]
[cdn.prod.website-files.com/6446938a664c33895fc5d762/6446938a664c33f20cc5da2a_JAX01042.jpg]
[cdn.prod.website-files.com/6446938a664c33895fc5d762/6446938a664c33d964c5da2b_STA02344.jpg]
[cdn.prod.website-files.com/6446938a664c334e84c5d75d/6446938a664c334365c5d8ee_TextureSearchWater-6.jpg]
[www.searchinc.com/story/christian-robotti-wins-photographer-of-the-year.html]
[cdn.prod.website-files.com/6446938a664c33895fc5d762/696953d88f58b44ad7af663e_IMG_5812.jpg]
[www.searchinc.com/story/search-welcomes-james-kodlick.html]
[cdn.prod.website-files.com/6446938a664c33895fc5d762/6876b29da642ff5cd5c93443_DIgital Meet-and-Greet_Kodlick.jpg]
[www.searchinc.com/story/wreck-of-uss-stewart-discovered-off-coast-of-california.html]
[cdn.prod.website-files.com/6446938a664c33895fc5d762/66f4d3e133c9274ff0f373a9_HiSAS_Image_Logo.png]
[www.searchinc.com/story/hawaii-harbors-infrastructure-project-kick-off.html]
[cdn.prod.website-files.com/6446938a664c33895fc5d762/66bcf23972fc9b3ffaad8e6e_Drone Photogrammetry Port of Kahului.png]
[www.searchinc.com/story/search-welcomes-katie-lantzas-olson.html]
[cdn.prod.website-files.com/6446938a664c33895fc5d762/66b28d4af0f3ece3d6fead40_SEARCH_Katie LO_horizontal (1).jpg]
[www.searchinc.com/story/search-partners-with-fdot-to-educate-students.html]
[cdn.prod.website-files.com/6446938a664c33895fc5d762/663bda260e021b890e75960b_UTCE5237.jpg]
[www.searchinc.com/story/search-world-heritage-team-advises-asian-development-bank-on-new-cultural-heritage-standard.html]
[cdn.prod.website-files.com/6446938a664c33895fc5d762/654abc29e1bc22822740254b_ADB Policy Work.jpg]
[www.searchinc.com/story/search-partners-with-fio-to-mentor-students.html]
[cdn.prod.website-files.com/6446938a664c33895fc5d762/652ff7e1e17f123750c79ba9_WSF04739.jpg]
[www.searchinc.com/story/search-and-fdot-discover-shipwreck-in-st-augustine-florida.html]
[cdn.prod.website-files.com/6446938a664c33895fc5d762/6529654856e87aa21f44c70e_AFD06856.jpg]
[www.searchinc.com/story/search-participates-in-deep-sea-surveys-of-three-iconic-shipwrecks-from-the-battle-of-midway.html]
[cdn.prod.website-files.com/6446938a664c33895fc5d762/6508650d8bdd745b5599db17_USS Yorktown 2 (Credit_ Ocean Exploration Trust, NOAA).jpg]
[www.searchinc.com/story/searchs-michael-brennan-to-serve-as-lead-scientist-on-ala-aumoana-kai-uli-expedition.html]
[cdn.prod.website-files.com/6446938a664c33895fc5d762/64f7a77aaadf3397ce9dc6d1_Copy of Edited-20220415061625.jpg]
[www.searchinc.com/story/top-10-discoveries.html]
[cdn.prod.website-files.com/6446938a664c33895fc5d762/6446938a664c33506cc5da43_Arch-Mag-Top-10-2022.jpg]
[www.searchinc.com/story/permian-basin-history-website-wins-multiple-awards.html]
[cdn.prod.website-files.com/6446938a664c33895fc5d762/64ac27c1e60fbc788e67307a_6446938a664c3367ccc5da42_633ebb46310ba790d37fc196_Griddle1.jpg]
[www.searchinc.com/story/descendant-on-netflix.html]
[cdn.prod.website-files.com/6446938a664c33895fc5d762/6446938a664c33d2bdc5dba0_570-PC120266.jpg]
[cdn.prod.website-files.com/6446938a664c334e84c5d75d/6446938a664c333d93c5d8ef_TextureSearchWater-9.jpg]
[www.searchinc.com/aboutsearch.html]
[www.searchinc.com/about/news.html]
[cdn.jsdelivr.net/npm/swiper@8/swiper-bundle.min.js]
[cdn.jsdelivr.net/npm/@splidejs/splide@3.2.2/dist/css/splide-core.min.css]
[cdn.jsdelivr.net/npm/@finsweet/attributes-cmstabs@1/cmstabs.js]
[www.searchinc.com/services/archaeology.html]
[www.searchinc.com/services/maritime-archaeology.html]
[www.searchinc.com/services/submerged-pre-contact.html]
[www.searchinc.com/services/forensic-archaeology.html]
[www.searchinc.com/services/architectural-history.html]
[www.searchinc.com/services/history.html]
[www.searchinc.com/services/preservation-planning.html]
[www.searchinc.com/services/geophysical-geospatial.html]
[www.searchinc.com/services/exhibits-interpretation.html]
[www.searchinc.com/services/collections-archives.html]
[www.searchinc.com/services/cultural-anthropology.html]
[www.searchinc.com/services/tribal-services.html]
[www.searchinc.com/market/oil-gas.html]
[www.searchinc.com/market/renewables.html]
[www.searchinc.com/market/offshore-wind.html]
[www.searchinc.com/market/power.html]
[www.searchinc.com/market/development.html]
[www.searchinc.com/market/world-heritage.html]
[www.searchinc.com/market/media.html]
[www.searchinc.com/market/tourism.html]
[www.searchinc.com/market/conservation.html]
[www.searchinc.com/market/telecommunications.html]
[www.searchinc.com/market/defense.html]
[www.searchinc.com/market/transportation.html]
[www.searchinc.com/market/museums.html]
[www.searchinc.com/market/disaster-response.html]
[www.searchinc.com/market/climate-resiliency.html]
[www.searchinc.com/market/coastal.html]
[www.searchinc.com/market/deep-water.html]
[www.searchinc.com/market/federal.html]
[www.searchinc.com/market/state.html]
[www.searchinc.com/market/municipal.html]
[cdn.prod.website-files.com/6446938a664c334e84c5d75d/6446938a664c3364f3c5d8ec_TextureSearchWater-5.jpg]
[cdn.prod.website-files.com/6446938a664c33895fc5d762/65777c0cad22b929b69609d4_LHA00012.jpg]
[cdn.prod.website-files.com/6446938a664c33895fc5d762/6446938a664c330931c5da3a_JAX01103__Maritime-Archaeology.jpg]
[cdn.prod.website-files.com/6446938a664c33895fc5d762/6446938a664c33b1afc5da7b_SUBMERGEDPRE_BLU00148.jpg]
[cdn.prod.website-files.com/6446938a664c33895fc5d762/6446938a664c330364c5da76_FORENSICARCH_LAB00241.jpg]
[cdn.prod.website-files.com/6446938a664c33895fc5d762/6446938a664c33287ec5da73_ARCHHISTORY_AH200186.jpg]
[cdn.prod.website-files.com/6446938a664c33895fc5d762/65778205caf4b5fb035ddbc2_National Geographic Shoot 007_Robert Schwemmer_NOAA.jpg]
[cdn.prod.website-files.com/6446938a664c33895fc5d762/6446938a664c3379e1c5da32_AH200114_Preservation-Planning.jpg]
[cdn.prod.website-files.com/6446938a664c33895fc5d762/6446938a664c33b36ec5da3d_PEN00211_Geophysical&Geospatial.jpg]
[cdn.prod.website-files.com/6446938a664c33895fc5d762/649b2c28e56ee9651eceaa1f_Capture_14mBlockExcavation.jpg]
[cdn.prod.website-files.com/6446938a664c33895fc5d762/6446938a664c33c4a6c5da34_Archives_2__Collections&Archives.jpg]
[cdn.prod.website-files.com/6446938a664c33895fc5d762/6446938a664c33e822c5da75_CULTANTHRO_17-SWO00359.jpg]
[cdn.prod.website-files.com/6446938a664c33895fc5d762/6446938a664c330867c5da31_25-Katryn-Mountain-1_0259_Tribal.jpg]
[cdn.prod.website-files.com/6446938a664c334e84c5d75d/6446938a664c3349c5c5d8ed_TextureSearchWater-7.jpg]
[cdn.prod.website-files.com/6446938a664c33895fc5d762/6499ec863ecbaadee185ffa5_DEE00155.jpg]
[cdn.prod.website-files.com/6446938a664c33895fc5d762/6499fb75169a6ac368de48d5_shutterstock_136393817.jpg]
[cdn.prod.website-files.com/6446938a664c33895fc5d762/6446938a664c3377b1c5da3c_offshore.jpg]
[cdn.prod.website-files.com/6446938a664c33895fc5d762/6446938a664c3373b1c5dbeb_Power.jpg]
[cdn.prod.website-files.com/6446938a664c33895fc5d762/6446938a664c3362f6c5da38_DJI_0347_Development.jpg]
[cdn.prod.website-files.com/6446938a664c33895fc5d762/650e05a4418d2da4478b5e17_IMG_1474.jpg]
[cdn.prod.website-files.com/6446938a664c33895fc5d762/6446938a664c33b37ec5da77_MEDIA138-60M01973.jpg]
[cdn.prod.website-files.com/6446938a664c33895fc5d762/6446938a664c3316abc5da40_tourism.jpg]
[cdn.prod.website-files.com/6446938a664c33895fc5d762/6446938a664c33abccc5da36_Conservation.jpg]
[cdn.prod.website-files.com/6446938a664c33895fc5d762/6499f46879a744a8a1276f59_bathy_imageGEBCO_MariannaTrench.jpg]
[cdn.prod.website-files.com/6446938a664c334e84c5d75d/6446938a664c3357a3c5d8ea_TextureSearchLand-2.jpg]
[cdn.prod.website-files.com/6446938a664c33895fc5d762/6499fa1a7c6b1285d372b7b9_DJI_0260.jpg]
[cdn.prod.website-files.com/6446938a664c33895fc5d762/6446938a664c332e44c5da3b_MON00039_Transportation.jpg]
[cdn.prod.website-files.com/6446938a664c33895fc5d762/6499f1cf362413f1d00b9bb8_IMD2023.jpg]
[cdn.prod.website-files.com/6446938a664c33895fc5d762/6499f93ad9fcdbb898dcb58b_MIA00436.jpg]
[cdn.prod.website-files.com/6446938a664c33895fc5d762/6446938a664c339510c5da35_climate-change.jpg]
[cdn.prod.website-files.com/6446938a664c33895fc5d762/6446938a664c33b8f4c5da74_COASTAL_A7302273.jpg]
[cdn.prod.website-files.com/6446938a664c33895fc5d762/6446938a664c3360c3c5da30_AH200032_Deep-Water.jpg]
[cdn.prod.website-files.com/6446938a664c33895fc5d762/6446938a664c33c62ec5da72_FEDERAL_DJI_0565.jpg]
[cdn.prod.website-files.com/6446938a664c33895fc5d762/6446938a664c33b042c5da7a_STATE_DSC00026.jpg]
[cdn.prod.website-files.com/6446938a664c33895fc5d762/6499f980d9fcdbb898dd1bb8_MIA00062.jpg]
[cdn.prod.website-files.com/6446938a664c334e84c5d75d/6446938a664c334868c5d8e2_TextureSearchWater-2.jpg]
[cdn.prod.website-files.com/6446938a664c334e84c5d75d/6446938a664c33c27ec5d8f5_search_globe.jpg]
[www.searchinc.com/sectors.html]
[cdn.jsdelivr.net/npm/@splidejs/splide@3.2.2/dist/js/splide.min.js]
[cdn.jsdelivr.net/npm/@finsweet/attributes-cmsload@1/cmsload.js]
[cdn.prod.website-files.com/6446938a664c33895fc5d762/646cf5f89c60c23fcea7c103_6446938a664c332785c5da7f_Anne_Stokes_2.jpg]
[cdn.prod.website-files.com/6446938a664c33895fc5d762/69309c9b8c1e30d45de6e71f_Hendryx-Greg_headshot_updated.jpg]
[cdn.prod.website-files.com/6446938a664c33895fc5d762/69d02d66a7580c89c12cb1cf_Melendez-Julisa_headshot_Updated (1).jpg]
[www.searchinc.com/sector/regions6bbe.html]
[cdnjs.cloudflare.com/ajax/libs/gsap/3.11.3/gsap.min.js]
[cdnjs.cloudflare.com/ajax/libs/three.js/r128/three.min.js]
[www.searchinc.com/sector/regions.html]
[unpkg.com/splitting@1.1.0/dist/splitting.min.js]
[cdn.prod.website-files.com/6446938a664c334e84c5d75d/6446938a664c33e049c5d7db_waterbg.jpg]
[cdn.prod.website-files.com/6446938a664c33895fc5d762/6446938a664c337e0dc5da20_b_220224_END22_NB_Landscapes-20.-Credit-Falklands-Maritime-Heritage-Trust-and-Nick-Birtwistle.jpg]
[cdn.prod.website-files.com/6446938a664c33895fc5d762/6446938a664c33c6aec5da21_8-SWA00020.jpg]
[cdn.prod.website-files.com/6446938a664c33895fc5d762/6446938a664c330185c5da22_C_control-room-hires.jpg]
[cdn.prod.website-files.com/6446938a664c33895fc5d762/6446938a664c334c1dc5da23_d_EX2103_IMG_20210626T185258Z_ROVHDA.jpg]
[cdn.prod.website-files.com/6446938a664c33895fc5d762/6446938a664c336400c5da24_JAX01108.jpg]
[cdn.prod.website-files.com/6446938a664c33895fc5d762/646f9bdc15450f082f9519fc_6446938a664c33704bc5d91a_Tech01_d2-hires.jpg]
[cdn.prod.website-files.com/6446938a664c33895fc5d762/646f9bea9674cd8be5f10443_6446938a664c33d995c5d919_Tech02_FaulklandTrust.jpg]
[cdn.prod.website-files.com/6446938a664c33895fc5d762/646f9bf615450f082f952a5b_6446938a664c33f92ac5d918_TechLeft_AHC04313.jpg]
[cdn.prod.website-files.com/6446938a664c33895fc5d762/646f9c0fbad65f905782832c_6446938a664c330325c5d917_Tech03_EX2103_IMG_20210626T143608Z_CPHD.jpg]
[cdn.prod.website-files.com/6446938a664c334e84c5d75d/6446938a664c33e084c5d960_Clotilda-Press-Event---Frame-Grab-10230.jpg]
[cdn.prod.website-files.com/6446938a664c334e84c5d75d/6446938a664c33063ac5d8d5_220224_END22_NB_Landscapes-48.-Credit-Falklands-Maritime-Heritage-Trust-and-Nick-Birtwistle.jpg]
[cdn.prod.website-files.com/6446938a664c334e84c5d75d/649a2c03434dcbe0eea61ece_6BA90A9B-2161-4303-B7A4-D7D476462302.jpg]
[cdn.prod.website-files.com/6446938a664c334e84c5d75d/6446938a664c330ac5c5d8d8_AHC03476.jpg]
[www.searchinc.com/search2o.html]
[www.searchinc.com/case-studies.html]
[cdn.jsdelivr.net/particles.js/2.0.0/particles.min.js]
[cdn.prod.website-files.com/6446938a664c33895fc5d762/6446938a664c33fdfbc5da49_Ana-Ortiz.jpg]
[cdn.prod.website-files.com/6446938a664c33895fc5d762/6446938a664c33f07fc5da4a_Caroline-Steffy.jpg]
[cdn.prod.website-files.com/6446938a664c33895fc5d762/6446938a664c331de5c5da48_Matthew-Mele.jpg]
[www.searchinc.com/careers.html]
[www.searchinc.com/project/preserving-uss-texas.html]
[cdn.prod.website-files.com/6446938a664c33895fc5d762/6446938a664c330af8c5da51_AH200021.jpg]
[cdn.prod.website-files.com/6446938a664c33895fc5d762/6446938a664c33666bc5da52_AH200013.jpg]
[cdn.prod.website-files.com/6446938a664c33895fc5d762/6446938a664c339df3c5da53_14-inch-gun-turret-lying-upside-down-0.jpg]
[cdn.prod.website-files.com/6446938a664c33895fc5d762/6446938a664c332550c5da54_5-inch-gun-handling-room0.jpg]
[cdn.prod.website-files.com/6446938a664c33895fc5d762/6446938a664c336a85c5da55_Nevada-Challenge-Coins.jpg]
[www.searchinc.com/project/locating-uss-nevada.html]
[cdn.prod.website-files.com/6446938a664c33895fc5d762/6446938a664c331be5c5da02_220210_END22_Ice-Pack_social-17.-Credit-Falklands-Maritime-Heritage-Trust-and-Nick-Birtwistle.jpg]
[cdn.prod.website-files.com/6446938a664c33895fc5d762/6446938a664c3330b6c5da01_220210_END22_Ice-Pack_social-24.-Credit-Falklands-Maritime-Heritage-Trust-and-Nick-Birtwistle.jpg]
[cdn.prod.website-files.com/6446938a664c33895fc5d762/6446938a664c33f6ccc5d9fe_220224_END22_NB_Landscapes-8.-Credit-Falklands-Maritime-Heritage-Trust-and-Nick-Birtwistle.jpg]
[cdn.prod.website-files.com/6446938a664c33895fc5d762/6446938a664c333cfec5da03_220224_END22_NB_Landscapes-20.-Credit-Falklands-Maritime-Heritage-Trust-and-Nick-Birtwistle.jpg]
[cdn.prod.website-files.com/6446938a664c33895fc5d762/6446938a664c33045fc5da00_220224_END22_NB_Landscapes-24.-Credit-Falklands-Maritime-Heritage-Trust-and-Nick-Birtwistle.jpg]
[cdn.prod.website-files.com/6446938a664c33895fc5d762/6446938a664c339f62c5d9fd_220224_END22_NB_Landscapes-31.-Credit-Falklands-Maritime-Heritage-Trust-and-Nick-Birtwistle.jpg]
[cdn.prod.website-files.com/6446938a664c33895fc5d762/6446938a664c33642ac5d9ff_220224_END22_NB_Landscapes-41.-Credit-Falklands-Maritime-Heritage-Trust-and-Nick-Birtwistle.jpg]
[cdn.prod.website-files.com/6446938a664c33895fc5d762/6446938a664c3303c9c5d9f6_220224_END22_NB_Landscapes-48.-Credit-Falklands-Maritime-Heritage-Trust-and-Nick-Birtwistle.jpg]
[cdn.prod.website-files.com/6446938a664c33895fc5d762/6446938a664c3331a6c5d9fc_220224_END22_NB_Landscapes-50.-Credit-Falklands-Maritime-Heritage-Trust-and-Nick-Birtwistle.jpg]
[cdn.prod.website-files.com/6446938a664c33895fc5d762/6446938a664c337b0dc5d9f9_220224_END22_NB_Landscapes-53.-Credit-Falklands-Maritime-Heritage-Trust-and-Nick-Birtwistle.jpg]
[cdn.prod.website-files.com/6446938a664c33895fc5d762/6446938a664c33285dc5d9fa_Cape-Town-to-Agulhas-4.-Credit-Falklands-Maritime-Heritage-Trust-and-Saunders-Carmichael-Brown.jpg]
[cdn.prod.website-files.com/6446938a664c33895fc5d762/6446938a664c33d618c5d9f7_Cape-Town-to-Agulhas-15.-Credit-Falklands-Maritime-Heritage-Trust-and-Saunders-Carmichael-Brown.jpg]
[cdn.prod.website-files.com/6446938a664c33895fc5d762/6446938a664c337382c5d9fb_Ice+penguins-12.-Credit-Falklands-Maritime-Heritage-Trust-and-Saunders-Carmichael-Brown.jpg]
[cdn.prod.website-files.com/6446938a664c33895fc5d762/6446938a664c331324c5d9f8_Ice+seals-14.-Credit-Falklands-Maritime-Heritage-Trust-and-Saunders-Carmichael-Brown.jpg]
[cdn.prod.website-files.com/6446938a664c33895fc5d762/6446938a664c3321edc5d9f0_RP_DJI_0790.-Credit-Falklands-Maritime-Heritage-Trust-and-James-Blake.jpg]
[cdn.prod.website-files.com/637c871c8ca6d6532c503b23/63925594bcba560b267683bc_220210_END22_Ice-Pack_social-4.-Credit-Falklands-Maritime-Heritage-Trust-and-Nick-Birtwistle.jpg]
[cdn.prod.website-files.com/6446938a664c33895fc5d762/6446938a664c33ac9dc5d9f3_220224_END22_NB_Landscapes-37.-Credit-Falklands-Maritime-Heritage-Trust-and-Nick-Birtwistle.jpg]
[cdn.prod.website-files.com/6446938a664c33895fc5d762/6446938a664c33a575c5d9f5_wreck.jpg]
[cdn.prod.website-files.com/6446938a664c33895fc5d762/6446938a664c33cfb2c5d9f4_220224_END22_NB_Landscapes-22.-Credit-Falklands-Maritime-Heritage-Trust-and-Nick-Birtwistle.jpg]
[cdn.prod.website-files.com/6446938a664c33895fc5d762/6446938a664c336054c5d9f1_220210_END22_Ice-Pack_social-18.-Credit-Falklands-Maritime-Heritage-Trust-and-Nick-Birtwistle.jpg]
[cdn.prod.website-files.com/6446938a664c33895fc5d762/6446938a664c334474c5d9f2_220210_END22_Ice-Pack_social-1.-Credit-Falklands-Maritime-Heritage-Trust-and-Nick-Birtwistle.jpg]
[www.searchinc.com/project/finding-endurance.html]
[cdn.prod.website-files.com/6446938a664c33895fc5d762/6446938a664c3301ffc5d9e4_AHC00674.jpg]
[cdn.prod.website-files.com/6446938a664c33895fc5d762/6446938a664c3306e9c5d9e2_AHC00937.jpg]
[cdn.prod.website-files.com/6446938a664c33895fc5d762/6446938a664c336c08c5d9e1_AHC02438.jpg]
[cdn.prod.website-files.com/6446938a664c33895fc5d762/6446938a664c33ebbec5d9df_AHC02731.jpg]
[cdn.prod.website-files.com/6446938a664c33895fc5d762/6446938a664c3356b2c5d9ea_AHC03032.jpg]
[cdn.prod.website-files.com/6446938a664c33895fc5d762/6446938a664c337f02c5d9e0_AHC04012.jpg]
[cdn.prod.website-files.com/6446938a664c33895fc5d762/6446938a664c3367b0c5d9dd_AHC04313.jpg]
[cdn.prod.website-files.com/6446938a664c33895fc5d762/6446938a664c335859c5d9e3_AHC0480512-(183).jpg]
[cdn.prod.website-files.com/6446938a664c33895fc5d762/6446938a664c33f3c3c5d9e5_AHC0480512-(394).jpg]
[cdn.prod.website-files.com/6446938a664c33895fc5d762/6446938a664c335757c5d9e8_AHC0480512-(411).jpg]
[cdn.prod.website-files.com/6446938a664c33895fc5d762/6446938a664c333668c5d9e6_AHC0480512-(522).jpg]
[cdn.prod.website-files.com/6446938a664c33895fc5d762/6446938a664c330c6dc5d9e9_AHC0480512-(722).jpg]
[www.searchinc.com/project/recovering-the-clotilda.html]
[cdn.prod.website-files.com/6446938a664c33895fc5d762/6446938a664c334774c5da4d_d2-hires.jpg]
[cdn.prod.website-files.com/6446938a664c33895fc5d762/6446938a664c338f5ec5da4e_bloody-marsh-approach-hires.jpg]
[cdn.prod.website-files.com/6446938a664c33895fc5d762/6446938a664c3393bfc5da4f_bloody-marsh-corrosion-hires.jpg]
[cdn.prod.website-files.com/6446938a664c33895fc5d762/6446938a664c33031dc5da4c_bloody-marsh-d2-hover-hires.jpg]
[www.searchinc.com/project/ss-bloody-marsh.html]
[cdn.prod.website-files.com/6446938a664c33895fc5d762/6446938a664c3398ccc5da50_bloody-marsh-welded-seams-hires.jpg]
[www.searchinc.com/project/beeswax.html]
[www.searchinc.com/project/css-jackson.html]
[cdn.prod.website-files.com/6446938a664c33895fc5d762/6446938a664c3369e1c5da71_24-DEE00139.jpg]
[cdn.prod.website-files.com/6446938a664c33895fc5d762/6446938a664c334af7c5da6f_41WR5_8_DEE00025.jpg]
[cdn.prod.website-files.com/6446938a664c33895fc5d762/6446938a664c332344c5da6e_41WR5-8_Profile_MS34_Large-Stone-Feature.jpg]
[cdn.prod.website-files.com/6446938a664c33895fc5d762/6446938a664c337cc2c5da70_41WR5-8_Unit-Excavation_DEE00002.jpg]
[cdn.prod.website-files.com/6446938a664c33895fc5d762/6446938a664c33d860c5da6a_41WR123_Feature-19-C---West-Bisection---25cmbd.jpg]
[cdn.prod.website-files.com/6446938a664c33895fc5d762/6446938a664c33af1ec5da6d_41WR123_Pedestrian-Survey_DEE00034.jpg]
[cdn.prod.website-files.com/6446938a664c33895fc5d762/6446938a664c337fdfc5da69_41WR123_Pedestrian-Survey_DEE00073.jpg]
[cdn.prod.website-files.com/6446938a664c33895fc5d762/6446938a664c33a123c5da6c_41WR123_Total-Station_DEE00020.jpg]
[cdn.prod.website-files.com/6446938a664c33895fc5d762/6446938a664c331f6bc5da6b_LA20241_DEE00144.jpg]
[cdn.prod.website-files.com/6446938a664c33895fc5d762/6446938a664c338118c5da68_LA20241_DEE00161.jpg]
[cdn.prod.website-files.com/6446938a664c33895fc5d762/6446938a664c336ef6c5da67_LA20241_DEE00216.jpg]
[cdn.prod.website-files.com/6446938a664c33895fc5d762/6446938a664c334e56c5da66_LA20241_Feature-19_Opening_Planview.jpg]
[cdn.prod.website-files.com/6446938a664c33895fc5d762/6446938a664c338077c5da61_LA20241_Unit-Excavation_Artifact.jpg]
[cdn.prod.website-files.com/6446938a664c33895fc5d762/6446938a664c335cddc5da60_LA38597_Shovel-Test-Excavation_60-DEE00058.jpg]
[cdn.prod.website-files.com/6446938a664c33895fc5d762/6446938a664c336006c5da63_LA38597_Shovel-Test-Excavation_DEE00008.jpg]
[cdn.prod.website-files.com/6446938a664c33895fc5d762/6446938a664c33b98ec5da5d_LA38597_Shovel-Test-Excavation_ST-3-PlanView.jpg]
[cdn.prod.website-files.com/6446938a664c33895fc5d762/6446938a664c33b40ac5da64_LA110595_Mechanical-Scraping.jpg]
[cdn.prod.website-files.com/6446938a664c33895fc5d762/6446938a664c330074c5da62_LA110595_Mechanical-Trenching_DBE00106.jpg]
[cdn.prod.website-files.com/6446938a664c33895fc5d762/6446938a664c33ae3cc5da5e_Matthew-Piscitelli---DBE00247.jpg]
[cdn.prod.website-files.com/6446938a664c33895fc5d762/6446938a664c331fc0c5da5c_Matthew-Piscitelli---DBE00301.jpg]
[cdn.prod.website-files.com/6446938a664c33895fc5d762/6446938a664c3384dcc5da5f_WR123_Shovel-Test-Excvation_DEE00006.jpg]
[cdn.prod.website-files.com/6446938a664c33895fc5d762/6446938a664c337dd6c5da65_WR123_Unit-Excavation_Feature39-Excavation-1.jpg]
[cdn.prod.website-files.com/6446938a664c33895fc5d762/6446938a664c3335acc5da56_41WR123_DEE00091.jpg]
[cdn.prod.website-files.com/6446938a664c33895fc5d762/6446938a664c3308a4c5da57_41WR123_Mechanical-Scraping.jpg]
[cdn.prod.website-files.com/6446938a664c33895fc5d762/6446938a664c3354ffc5da58_41WR123_Total-Station_DEE00017.jpg]
[cdn.prod.website-files.com/6446938a664c33895fc5d762/6446938a664c337265c5da59_41WR123_Unit-Excavation_DEE00003.jpg]
[cdn.prod.website-files.com/6446938a664c33895fc5d762/6446938a664c33daf8c5da5a_LA20241_DEE00161.jpg]
[cdn.prod.website-files.com/6446938a664c33895fc5d762/6446938a664c332a4cc5da5b_LA38597_DEE00126.jpg]
[www.searchinc.com/project/permian-basin-history.html]
[www.searchinc.com/career/open-positions.html]
[www.searchinc.com/privacy-and-terms.html]
[cdn.jsdelivr.net/npm/swiper@8/swiper-bundle.min.css]
[www.searchinc.com/story/christian-robotti-wins-photographer-of-the-year.html]
[www.searchinc.com/story/search-welcomes-james-kodlick.html]
[www.searchinc.com/story/wreck-of-uss-stewart-discovered-off-coast-of-california.html]
[cdn.prod.website-files.com/6446938a664c33895fc5d762/66bcf3179bc7467ce94db158_66bcf2e17a78f14423283c5e_Drone%20LiDAR%20Aloha%20Tower.png]
[www.searchinc.com/story/hawaii-harbors-infrastructure-project-kick-off.html]
[www.searchinc.com/story/search-welcomes-katie-lantzas-olson.html]
[cdn.prod.website-files.com/6446938a664c33895fc5d762/663bdc3e7a3a0248e704ebfb_IMG_2516_reduced.jpg]
[www.searchinc.com/story/search-partners-with-fdot-to-educate-students.html]
[www.searchinc.com/story/search-world-heritage-team-advises-asian-development-bank-on-new-cultural-heritage-standard.html]
[www.searchinc.com/story/search-partners-with-fio-to-mentor-students.html]
[cdn.prod.website-files.com/6446938a664c33895fc5d762/652965c9fb63ca5ebdd1c361_AFD05671.jpg]
[www.searchinc.com/story/search-and-fdot-discover-shipwreck-in-st-augustine-florida.html]
[cdn.prod.website-files.com/6446938a664c33895fc5d762/65086870879496e28e24d375_NOAA Exploration Command Center 1 (Credit_ NOAA Ocean Exploration).jpg]
[www.searchinc.com/story/search-participates-in-deep-sea-surveys-of-three-iconic-shipwrecks-from-the-battle-of-midway.html]
[cdn.prod.website-files.com/6446938a664c33895fc5d762/64f8a3ca7c025ad633bbf6a0_IMG_5394.jpg]
[www.searchinc.com/story/searchs-michael-brennan-to-serve-as-lead-scientist-on-ala-aumoana-kai-uli-expedition.html]
[cdn.prod.website-files.com/6446938a664c33895fc5d762/6446938a664c33998fc5da44_Endurance22_Discovery_1.jpg]
[cdn.prod.website-files.com/6446938a664c33895fc5d762/6446938a664c3322ffc5da45_Endurance22_Discovery_2.jpg]
[www.searchinc.com/story/top-10-discoveries.html]
[www.searchinc.com/story/permian-basin-history-website-wins-multiple-awards.html]
[www.searchinc.com/story/descendant-on-netflix.html]
[cdn.jsdelivr.net/npm/@splidejs/splide@3.2.2/dist/css/splide-core.min.css]
[www.searchinc.com/services/archaeology.html]
[www.searchinc.com/services/maritime-archaeology.html]
[www.searchinc.com/services/submerged-pre-contact.html]
[www.searchinc.com/services/forensic-archaeology.html]
[www.searchinc.com/services/architectural-history.html]
[www.searchinc.com/services/history.html]
[www.searchinc.com/services/preservation-planning.html]
[www.searchinc.com/services/geophysical-geospatial.html]
[www.searchinc.com/services/exhibits-interpretation.html]
[www.searchinc.com/services/collections-archives.html]
[www.searchinc.com/services/cultural-anthropology.html]
[www.searchinc.com/services/tribal-services.html]
[www.searchinc.com/market/oil-gas.html]
[www.searchinc.com/market/renewables.html]
[www.searchinc.com/market/offshore-wind.html]
[www.searchinc.com/market/power.html]
[www.searchinc.com/market/development.html]
[www.searchinc.com/market/world-heritage.html]
[www.searchinc.com/market/media.html]
[www.searchinc.com/market/tourism.html]
[www.searchinc.com/market/conservation.html]
[www.searchinc.com/market/telecommunications.html]
[www.searchinc.com/market/defense.html]
[www.searchinc.com/market/transportation.html]
[www.searchinc.com/market/museums.html]
[www.searchinc.com/market/disaster-response.html]
[www.searchinc.com/market/climate-resiliency.html]
[www.searchinc.com/market/coastal.html]
[www.searchinc.com/market/deep-water.html]
[www.searchinc.com/market/federal.html]
[www.searchinc.com/market/state.html]
[www.searchinc.com/market/municipal.html]
[www.searchinc.com/sector/regions6bbe.html]
[cdn.prod.website-files.com/6446938a664c33895fc5d762/6446938a664c337382c5d9fb_Ice+penguins-12.-Credit-Falklands-Maritime-Heritage-Trust-and-Saunders-Carmichael-Brown.jpg]
[cdn.prod.website-files.com/6446938a664c33895fc5d762/6446938a664c331324c5d9f8_Ice+seals-14.-Credit-Falklands-Maritime-Heritage-Trust-and-Saunders-Carmichael-Brown.jpg]
[www.searchinc.com/sector/regions201f.html]
[www.searchinc.com/ourwork.html]
[www.searchinc.com/sector/regions201f.html]
[s7.addthis.com/js/300/addthis_widget.js]
[www.searchinc.com/about/staff.html]
[www.searchinc.com/_https_/cdn.prod.website-files.com/637c871c8ca6d625ab503b21/63e5fe622f0e2991e7997b5e_SEARCH_HERO_GroundEdit-poster-00001.html]
[www.searchinc.com/_https_/cdn.prod.website-files.com/637c871c8ca6d625ab503b21/63f494daca4f78449771bda0_SEARCH_Hero_Maritime_GROUND-10Mbps-poster-00001.html]
[www.searchinc.com/_https_/cdn.prod.website-files.com/637c871c8ca6d625ab503b21/63f496041dc162340372e0b0_explore_teaser-poster-00001.html]
[www.searchinc.com/updated/looking-for-a-new-employee.html]
[www.searchinc.com/_https_/cdn.prod.website-files.com/6446938a664c334e84c5d75d/649b17624c3f26ff0f746014_Maritime_Selects-poster-00001.html]
[www.searchinc.com/_https_/cdn.prod.website-files.com/637c871c8ca6d625ab503b21/64005931ae421346776b7793_wreck_2-poster-00001.html]
